[0.551s] Invoking command in '/home/americo/coding/ros2_ws/src/robot_description': DEBUGINFOD_URLS=https://debuginfod.ubuntu.com PYTHONPATH=/home/americo/coding/ros2_ws/src/robot_description/build/robot_description/prefix_override:/usr/lib/python3/dist-packages/colcon_core/task/python/colcon_distutils_commands:/home/americo/coding/ros2_ws/src/robot_description/install/robot_description/lib/python3.12/site-packages:${PYTHONPATH} /usr/bin/python3 -W ignore:setup.py install is deprecated -W ignore:easy_install command is deprecated setup.py egg_info --egg-base build/robot_description build --build-base /home/americo/coding/ros2_ws/src/robot_description/build/robot_description/build install --record /home/americo/coding/ros2_ws/src/robot_description/build/robot_description/install.log --single-version-externally-managed install_data
[0.747s] running egg_info
[0.747s] creating build/robot_description/robot_description.egg-info
[0.759s] writing build/robot_description/robot_description.egg-info/PKG-INFO
[0.759s] writing dependency_links to build/robot_description/robot_description.egg-info/dependency_links.txt
[0.759s] writing requirements to build/robot_description/robot_description.egg-info/requires.txt
[0.759s] writing top-level names to build/robot_description/robot_description.egg-info/top_level.txt
[0.759s] writing manifest file 'build/robot_description/robot_description.egg-info/SOURCES.txt'
[0.771s] reading manifest file 'build/robot_description/robot_description.egg-info/SOURCES.txt'
[0.771s] writing manifest file 'build/robot_description/robot_description.egg-info/SOURCES.txt'
[0.771s] running build
[0.771s] running install
[0.776s] running install_data
[0.776s] creating /home/americo/coding/ros2_ws/src/robot_description/install/robot_description/share/ament_index
[0.776s] creating /home/americo/coding/ros2_ws/src/robot_description/install/robot_description/share/ament_index/resource_index
[0.776s] creating /home/americo/coding/ros2_ws/src/robot_description/install/robot_description/share/ament_index/resource_index/packages
[0.776s] copying resource/robot_description -> /home/americo/coding/ros2_ws/src/robot_description/install/robot_description/share/ament_index/resource_index/packages
[0.776s] copying package.xml -> /home/americo/coding/ros2_ws/src/robot_description/install/robot_description/share/robot_description
[0.776s] running install_egg_info
[0.800s] Copying build/robot_description/robot_description.egg-info to /home/americo/coding/ros2_ws/src/robot_description/install/robot_description/lib/python3.12/site-packages/robot_description-0.0.0-py3.12.egg-info
[0.801s] running install_scripts
[0.893s] writing list of installed files to '/home/americo/coding/ros2_ws/src/robot_description/build/robot_description/install.log'
[0.912s] Invoked command in '/home/americo/coding/ros2_ws/src/robot_description' returned '0': DEBUGINFOD_URLS=https://debuginfod.ubuntu.com PYTHONPATH=/home/americo/coding/ros2_ws/src/robot_description/build/robot_description/prefix_override:/usr/lib/python3/dist-packages/colcon_core/task/python/colcon_distutils_commands:/home/americo/coding/ros2_ws/src/robot_description/install/robot_description/lib/python3.12/site-packages:${PYTHONPATH} /usr/bin/python3 -W ignore:setup.py install is deprecated -W ignore:easy_install command is deprecated setup.py egg_info --egg-base build/robot_description build --build-base /home/americo/coding/ros2_ws/src/robot_description/build/robot_description/build install --record /home/americo/coding/ros2_ws/src/robot_description/build/robot_description/install.log --single-version-externally-managed install_data
